2025-11-15 23:01:00 - ERROR - Connection failed
2025-11-16 06:21:00 - INFO - Server started
2025-11-16 07:17:00 - INFO - User logged in
2025-11-16 05:06:00 - INFO - User logged in
2025-11-16 03:01:00 - WARNING - API response slow
2025-11-15 22:14:00 - INFO - Server started
2025-11-15 22:45:00 - WARNING - API response slow
2025-11-16 01:20:00 - INFO - User logged in
2025-11-16 07:02:00 - INFO - Task completed
2025-11-15 22:27:00 - WARNING - Disk space low
2025-11-15 22:49:00 - INFO - Task completed
2025-11-16 03:50:00 - WARNING - Disk space low
2025-11-16 06:18:00 - ERROR - Null pointer exception
2025-11-15 23:49:00 - ERROR - Null pointer exception
2025-11-16 01:41:00 - ERROR - Connection failed
2025-11-16 06:56:00 - ERROR - Connection failed
2025-11-16 04:38:00 - WARNING - Disk space low
2025-11-15 22:00:00 - INFO - Task completed
2025-11-16 05:22:00 - ERROR - Connection failed
2025-11-16 07:40:00 - ERROR - Connection failed
2025-11-15 23:55:00 - WARNING - Disk space low
2025-11-16 07:38:00 - INFO - Configuration loaded
2025-11-16 07:43:00 - WARNING - API response slow
2025-11-16 06:19:00 - WARNING - Disk space low
2025-11-16 01:00:00 - ERROR - Connection failed
2025-11-16 00:11:00 - INFO - Server started
2025-11-16 06:54:00 - WARNING - API response slow
2025-11-16 00:04:00 - ERROR - Connection failed
2025-11-16 03:34:00 - WARNING - Disk space low
2025-11-15 23:10:00 - INFO - Server started
2025-11-16 05:43:00 - INFO - Task completed
2025-11-15 23:51:00 - INFO - Task completed
2025-11-16 07:45:00 - ERROR - Null pointer exception
2025-11-16 06:48:00 - WARNING - High memory usage
2025-11-15 22:34:00 - WARNING - API response slow
2025-11-16 02:43:00 - INFO - Server started
2025-11-16 00:24:00 - INFO - Server started
2025-11-16 00:33:00 - ERROR - Disk read error
2025-11-15 23:57:00 - ERROR - Timeout occurred
2025-11-16 03:29:00 - INFO - Server started
2025-11-15 22:03:00 - ERROR - Connection failed
2025-11-16 06:08:00 - WARNING - High memory usage
2025-11-15 23:09:00 - INFO - User logged in
2025-11-16 05:05:00 - INFO - Task completed
2025-11-15 23:20:00 - ERROR - Connection failed
2025-11-16 06:37:00 - ERROR - Connection failed
2025-11-15 22:42:00 - WARNING - Disk space low
2025-11-16 03:14:00 - ERROR - Null pointer exception
2025-11-15 23:12:00 - INFO - Server started
2025-11-16 03:02:00 - INFO - Server started
2025-11-16 07:20:00 - ERROR - Timeout occurred
2025-11-16 04:22:00 - WARNING - API response slow
2025-11-16 02:30:00 - ERROR - Connection failed
2025-11-16 00:17:00 - WARNING - Disk space low
2025-11-16 01:08:00 - ERROR - Timeout occurred
2025-11-16 04:54:00 - ERROR - Connection failed
2025-11-16 00:43:00 - ERROR - Null pointer exception
2025-11-16 04:23:00 - INFO - Server started
2025-11-16 00:22:00 - INFO - Configuration loaded
2025-11-15 22:01:00 - INFO - Configuration loaded
2025-11-16 04:48:00 - INFO - Configuration loaded
2025-11-16 01:51:00 - WARNING - API response slow
2025-11-16 04:40:00 - INFO - Server started
2025-11-15 22:01:00 - ERROR - Timeout occurred
2025-11-16 07:39:00 - ERROR - Connection failed
2025-11-16 06:12:00 - INFO - Server started
2025-11-15 22:44:00 - ERROR - Null pointer exception
2025-11-16 06:39:00 - ERROR - Disk read error
2025-11-16 07:24:00 - INFO - Server started
2025-11-16 00:58:00 - ERROR - Timeout occurred
2025-11-16 05:48:00 - INFO - Task completed
2025-11-16 06:50:00 - INFO - Task completed
2025-11-15 22:32:00 - WARNING - High memory usage
2025-11-15 23:21:00 - INFO - User logged in
2025-11-16 06:53:00 - WARNING - API response slow
2025-11-16 06:54:00 - WARNING - Disk space low
2025-11-16 05:18:00 - ERROR - Connection failed
2025-11-16 04:34:00 - WARNING - API response slow
2025-11-16 06:48:00 - ERROR - Null pointer exception
2025-11-16 01:55:00 - WARNING - High memory usage
2025-11-15 22:32:00 - ERROR - Null pointer exception
2025-11-16 01:29:00 - ERROR - Connection failed
2025-11-16 04:43:00 - ERROR - Timeout occurred
2025-11-16 07:32:00 - ERROR - Connection failed
2025-11-15 22:47:00 - INFO - Task completed
2025-11-16 03:15:00 - ERROR - Connection failed
2025-11-16 07:10:00 - WARNING - Disk space low
2025-11-16 05:28:00 - ERROR - Null pointer exception
2025-11-16 03:44:00 - INFO - Server started
2025-11-16 07:14:00 - WARNING - High memory usage
2025-11-16 02:14:00 - INFO - Task completed
2025-11-16 06:21:00 - WARNING - High memory usage
2025-11-16 05:27:00 - INFO - Configuration loaded
2025-11-16 06:22:00 - ERROR - Timeout occurred
2025-11-16 03:22:00 - WARNING - API response slow
2025-11-16 01:27:00 - WARNING - High memory usage
2025-11-16 03:17:00 - WARNING - Disk space low
2025-11-15 22:51:00 - WARNING - Disk space low
2025-11-15 23:59:00 - INFO - User logged in
2025-11-15 22:09:00 - INFO - Server started
